<?xml version="1.0" encoding="UTF-8"?>
<!-- Generated by org.testng.reporters.JUnitReportReporter -->
<testsuite hostname="DESKTOP-6QQN8NI" failures="0" tests="1" name="com.jenkins.testscript.Open_Browser" time="11.569" errors="0" timestamp="2025-03-12T19:57:56 IST" skipped="0">
  <testcase classname="com.jenkins.testscript.Open_Browser" name="demo" time="11.569">
    <system-out>
      <![CDATA[browser is created succesfulluy
Instagram]]>
    </system-out>
  </testcase> <!-- demo -->
  <system-out>
    <![CDATA[browser is created succesfulluy
Instagram]]>
  </system-out>
</testsuite> <!-- com.jenkins.testscript.Open_Browser -->
